<?xml version="1.0" encoding="UTF-8"?>
<!-- Generated by org.testng.reporters.JUnitXMLReporter -->
<testsuite ignored="2" hostname="DESKTOP-USV7J7K" failures="1" tests="2" name="Test" time="20.923" errors="0" timestamp="2023-02-09T03:32:59 PST">
  <testcase classname="script1.Script2" name="testB" time="0.02"/>
  <testcase classname="script1.Script1" name="testA" time="0.081">
    <failure type="java.lang.AssertionError" message="home page is not displayed">
      <![CDATA[java.lang.AssertionError: home page is not displayed
at script1.Script1.testA(Script1.java:18)
at java.base/java.util.ArrayList.forEach(ArrayList.java:1511)
... Removed 28 stack frames]]>
    </failure>
  </testcase> <!-- testA -->
  <testcase classname="generic1.BaseTest" name="@AfterSuite publishReport" time="0.0">
    <ignored/>
  </testcase> <!-- @AfterSuite publishReport -->
  <testcase classname="generic1.BaseTest" name="@BeforeSuite createReport" time="0.0">
    <ignored/>
  </testcase> <!-- @BeforeSuite createReport -->
</testsuite> <!-- Test -->
